mode: set
github.com/tquocpham/ssmconfig/ssmconfig.go:27.77,31.29 2 1
github.com/tquocpham/ssmconfig/ssmconfig.go:34.2,37.32 2 1
github.com/tquocpham/ssmconfig/ssmconfig.go:41.2,43.36 3 1
github.com/tquocpham/ssmconfig/ssmconfig.go:55.2,56.6 2 1
github.com/tquocpham/ssmconfig/ssmconfig.go:101.2,103.23 3 1
github.com/tquocpham/ssmconfig/ssmconfig.go:109.2,113.16 2 1
github.com/tquocpham/ssmconfig/ssmconfig.go:118.2,118.39 1 1
github.com/tquocpham/ssmconfig/ssmconfig.go:127.2,127.12 1 1
github.com/tquocpham/ssmconfig/ssmconfig.go:31.29,33.3 1 1
github.com/tquocpham/ssmconfig/ssmconfig.go:37.32,39.3 1 1
github.com/tquocpham/ssmconfig/ssmconfig.go:43.36,53.3 3 1
github.com/tquocpham/ssmconfig/ssmconfig.go:56.6,58.22 1 1
github.com/tquocpham/ssmconfig/ssmconfig.go:63.3,67.24 3 1
github.com/tquocpham/ssmconfig/ssmconfig.go:71.3,74.39 2 1
github.com/tquocpham/ssmconfig/ssmconfig.go:93.3,93.21 1 1
github.com/tquocpham/ssmconfig/ssmconfig.go:96.3,97.23 2 1
github.com/tquocpham/ssmconfig/ssmconfig.go:58.22,59.9 1 1
github.com/tquocpham/ssmconfig/ssmconfig.go:67.24,68.12 1 0
github.com/tquocpham/ssmconfig/ssmconfig.go:74.39,78.38 4 1
github.com/tquocpham/ssmconfig/ssmconfig.go:90.4,90.12 1 1
github.com/tquocpham/ssmconfig/ssmconfig.go:78.38,89.5 3 1
github.com/tquocpham/ssmconfig/ssmconfig.go:93.21,94.12 1 1
github.com/tquocpham/ssmconfig/ssmconfig.go:103.23,106.3 2 1
github.com/tquocpham/ssmconfig/ssmconfig.go:113.16,115.3 1 1
github.com/tquocpham/ssmconfig/ssmconfig.go:118.39,120.10 2 1
github.com/tquocpham/ssmconfig/ssmconfig.go:123.3,123.71 1 1
github.com/tquocpham/ssmconfig/ssmconfig.go:120.10,121.12 1 1
github.com/tquocpham/ssmconfig/ssmconfig.go:123.71,125.4 1 0
github.com/tquocpham/ssmconfig/ssmconfig.go:130.60,133.20 2 1
github.com/tquocpham/ssmconfig/ssmconfig.go:211.2,211.12 1 1
github.com/tquocpham/ssmconfig/ssmconfig.go:134.22,135.25 1 1
github.com/tquocpham/ssmconfig/ssmconfig.go:136.78,141.91 2 1
github.com/tquocpham/ssmconfig/ssmconfig.go:148.3,148.17 1 1
github.com/tquocpham/ssmconfig/ssmconfig.go:152.3,152.20 1 1
github.com/tquocpham/ssmconfig/ssmconfig.go:153.83,155.17 2 1
github.com/tquocpham/ssmconfig/ssmconfig.go:158.3,158.21 1 1
github.com/tquocpham/ssmconfig/ssmconfig.go:159.20,161.17 2 1
github.com/tquocpham/ssmconfig/ssmconfig.go:164.3,164.21 1 1
github.com/tquocpham/ssmconfig/ssmconfig.go:165.40,167.17 2 1
github.com/tquocpham/ssmconfig/ssmconfig.go:170.3,170.22 1 1
github.com/tquocpham/ssmconfig/ssmconfig.go:171.21,173.41 2 1
github.com/tquocpham/ssmconfig/ssmconfig.go:185.3,185.16 1 1
github.com/tquocpham/ssmconfig/ssmconfig.go:186.19,188.41 2 1
github.com/tquocpham/ssmconfig/ssmconfig.go:208.3,208.16 1 1
github.com/tquocpham/ssmconfig/ssmconfig.go:141.91,145.4 3 1
github.com/tquocpham/ssmconfig/ssmconfig.go:145.9,147.4 1 1
github.com/tquocpham/ssmconfig/ssmconfig.go:148.17,150.4 1 0
github.com/tquocpham/ssmconfig/ssmconfig.go:155.17,157.4 1 0
github.com/tquocpham/ssmconfig/ssmconfig.go:161.17,163.4 1 0
github.com/tquocpham/ssmconfig/ssmconfig.go:167.17,169.4 1 0
github.com/tquocpham/ssmconfig/ssmconfig.go:173.41,175.4 1 0
github.com/tquocpham/ssmconfig/ssmconfig.go:175.9,175.48 1 1
github.com/tquocpham/ssmconfig/ssmconfig.go:175.48,178.29 3 1
github.com/tquocpham/ssmconfig/ssmconfig.go:178.29,180.19 2 1
github.com/tquocpham/ssmconfig/ssmconfig.go:180.19,182.6 1 0
github.com/tquocpham/ssmconfig/ssmconfig.go:188.41,190.31 2 1
github.com/tquocpham/ssmconfig/ssmconfig.go:190.31,192.25 2 1
github.com/tquocpham/ssmconfig/ssmconfig.go:195.5,197.19 3 1
github.com/tquocpham/ssmconfig/ssmconfig.go:200.5,202.19 3 1
github.com/tquocpham/ssmconfig/ssmconfig.go:205.5,205.25 1 1
github.com/tquocpham/ssmconfig/ssmconfig.go:192.25,194.6 1 0
github.com/tquocpham/ssmconfig/ssmconfig.go:197.19,199.6 1 0
github.com/tquocpham/ssmconfig/ssmconfig.go:202.19,204.6 1 0
